<?xml version="1.0" encoding="UTF-8"?>
<testng-results ignored="0" total="1" passed="1" failed="0" skipped="0">
  <reporter-output>
  </reporter-output>
  <suite started-at="2025-02-05T12:20:33 IST" name="Suite" finished-at="2025-02-05T12:20:41 IST" duration-ms="7320">
    <groups>
    </groups>
    <test started-at="2025-02-05T12:20:33 IST" name="Test" finished-at="2025-02-05T12:20:41 IST" duration-ms="7320">
      <class name="testScript.LoginTest">
        <test-method is-config="true" signature="initializeBrowser(java.lang.String)[pri:0, instance:testScript.LoginTest@712625fd]" started-at="2025-02-05T12:20:33 IST" name="initializeBrowser" finished-at="2025-02-05T12:20:37 IST" duration-ms="3259" status="PASS">
          <params>
            <param index="0">
              <value>
                <![CDATA[chrome]]>
              </value>
            </param>
          </params>
          <reporter-output>
          </reporter-output>
        </test-method> <!-- initializeBrowser -->
        <test-method signature="verifyLoginWithValidCredentials()[pri:0, instance:testScript.LoginTest@712625fd]" started-at="2025-02-05T12:20:37 IST" name="verifyLoginWithValidCredentials" finished-at="2025-02-05T12:20:41 IST" duration-ms="3929" status="PASS">
          <reporter-output>
          </reporter-output>
        </test-method> <!-- verifyLoginWithValidCredentials -->
        <test-method is-config="true" signature="browserQuit(org.testng.ITestResult)[pri:0, instance:testScript.LoginTest@712625fd]" started-at="2025-02-05T12:20:41 IST" name="browserQuit" finished-at="2025-02-05T12:20:41 IST" duration-ms="2" status="PASS">
          <params>
            <param index="0">
              <value>
                <![CDATA[[TestResult name=verifyLoginWithValidCredentials status=SUCCESS method=LoginTest.verifyLoginWithValidCredentials()[pri:0, instance:testScript.LoginTest@712625fd] output={null}]]]>
              </value>
            </param>
          </params>
          <reporter-output>
          </reporter-output>
        </test-method> <!-- browserQuit -->
      </class> <!-- testScript.LoginTest -->
    </test> <!-- Test -->
  </suite> <!-- Suite -->
</testng-results>
